#
# There is insufficient memory for the Java Runtime Environment to continue.
# Native memory allocation (malloc) failed to allocate 65552 bytes for Chunk::new
# Possible reasons:
#   The system is out of physical RAM or swap space
#   The process is running with CompressedOops enabled, and the Java Heap may be blocking the growth of the native heap
# Possible solutions:
#   Reduce memory load on the system
#   Increase physical memory or swap space
#   Check if swap backing store is full
#   Decrease Java heap size (-Xmx/-Xms)
#   Decrease number of Java threads
#   Decrease Java thread stack sizes (-Xss)
#   Set larger code cache with -XX:ReservedCodeCacheSize=
#   JVM is running with Zero Based Compressed Oops mode in which the Java heap is
#     placed in the first 32GB address space. The Java Heap base address is the
#     maximum limit for the native heap growth. Please use -XX:HeapBaseMinAddress
#     to set the Java Heap base and to place the Java Heap above 32GB virtual address.
# This output file may be truncated or incomplete.
#
#  Out of Memory Error (allocation.cpp:389), pid=23120, tid=0x0000000000005f6c
#
# JRE version: OpenJDK Runtime Environment (8.0_265-b01) (build 1.8.0_265-b01)
# Java VM: OpenJDK 64-Bit Server VM (25.265-b01 mixed mode windows-amd64 compressed oops)
# Failed to write core dump. Minidumps are not enabled by default on client versions of Windows
#

---------------  T H R E A D  ---------------

Current thread (0x0000017f3fa43000):  JavaThread "C2 CompilerThread7" daemon [_thread_in_native, id=24428, stack(0x0000003fd6b00000,0x0000003fd6c00000)]

Stack: [0x0000003fd6b00000,0x0000003fd6c00000]
[error occurred during error reporting (printing stack bounds), id 0xc0000005]

Native frames: (J=compiled Java code, j=interpreted, Vv=VM code, C=native code)


Current CompileTask:
C2:   1918 1458       4       org.languagetool.rules.patterns.PatternRuleHandler::endElement (2131 bytes)


---------------  P R O C E S S  ---------------

Java Threads: ( => current thread )
  0x0000017f1899c800 JavaThread "DestroyJavaVM" [_thread_blocked, id=17660, stack(0x0000003fd5100000,0x0000003fd5200000)]
  0x0000017f406c1000 JavaThread "pool-1-thread-1" [_thread_in_Java, id=24856, stack(0x0000003fd7200000,0x0000003fd7300000)]
  0x0000017f3fa56800 JavaThread "Service Thread" daemon [_thread_blocked, id=24488, stack(0x0000003fd7000000,0x0000003fd7100000)]
  0x0000017f3fa48800 JavaThread "C1 CompilerThread11" daemon [_thread_blocked, id=23992, stack(0x0000003fd6f00000,0x0000003fd7000000)]
  0x0000017f3fa47800 JavaThread "C1 CompilerThread10" daemon [_thread_blocked, id=10588, stack(0x0000003fd6e00000,0x0000003fd6f00000)]
  0x0000017f3fa46800 JavaThread "C1 CompilerThread9" daemon [_thread_blocked, id=7752, stack(0x0000003fd6d00000,0x0000003fd6e00000)]
  0x0000017f3fa45800 JavaThread "C1 CompilerThread8" daemon [_thread_blocked, id=11272, stack(0x0000003fd6c00000,0x0000003fd6d00000)]
=>0x0000017f3fa43000 JavaThread "C2 CompilerThread7" daemon [_thread_in_native, id=24428, stack(0x0000003fd6b00000,0x0000003fd6c00000)]
  0x0000017f3fa3d000 JavaThread "C2 CompilerThread6" daemon [_thread_blocked, id=23808, stack(0x0000003fd6a00000,0x0000003fd6b00000)]
  0x0000017f3fa3c800 JavaThread "C2 CompilerThread5" daemon [_thread_blocked, id=9356, stack(0x0000003fd6900000,0x0000003fd6a00000)]
  0x0000017f3fa3b800 JavaThread "C2 CompilerThread4" daemon [_thread_blocked, id=9296, stack(0x0000003fd6800000,0x0000003fd6900000)]
  0x0000017f3fa38800 JavaThread "C2 CompilerThread3" daemon [_thread_blocked, id=10104, stack(0x0000003fd6700000,0x0000003fd6800000)]
  0x0000017f3fa35000 JavaThread "C2 CompilerThread2" daemon [_thread_blocked, id=10432, stack(0x0000003fd6600000,0x0000003fd6700000)]
  0x0000017f3fa34000 JavaThread "C2 CompilerThread1" daemon [_thread_blocked, id=7432, stack(0x0000003fd6500000,0x0000003fd6600000)]
  0x0000017f3fa32800 JavaThread "C2 CompilerThread0" daemon [_thread_blocked, id=21760, stack(0x0000003fd6400000,0x0000003fd6500000)]
  0x0000017f3fa24800 JavaThread "Attach Listener" daemon [_thread_blocked, id=22016, stack(0x0000003fd6300000,0x0000003fd6400000)]
  0x0000017f3fa23800 JavaThread "Signal Dispatcher" daemon [_thread_blocked, id=17640, stack(0x0000003fd6200000,0x0000003fd6300000)]
  0x0000017f18a4e800 JavaThread "Finalizer" daemon [_thread_blocked, id=27128, stack(0x0000003fd6100000,0x0000003fd6200000)]
  0x0000017f3ce4d800 JavaThread "Reference Handler" daemon [_thread_blocked, id=18408, stack(0x0000003fd6000000,0x0000003fd6100000)]

Other Threads:
  0x0000017f3ce40800 VMThread [stack: 0x0000003fd5f00000,0x0000003fd6000000] [id=17456]
  0x0000017f3faee800 WatcherThread [stack: 0x0000003fd7100000,0x0000003fd7200000] [id=28328]

VM state:not at safepoint (normal execution)

VM Mutex/Monitor currently owned by a thread: None

heap address: 0x00000005c1000000, size: 8176 MB, Compressed Oops mode: Zero based, Oop shift amount: 3
Narrow klass base: 0x0000000000000000, Narrow klass shift: 3
Compressed class space size: 1073741824 Address: 0x00000007c0000000

Heap:
 PSYoungGen      total 153088K, used 101595K [0x0000000715b00000, 0x0000000728600000, 0x00000007c0000000)
  eden space 131584K, 60% used [0x0000000715b00000,0x000000071a937000,0x000000071db80000)
  from space 21504K, 99% used [0x000000071db80000,0x000000071f07fd58,0x000000071f080000)
  to   space 21504K, 0% used [0x0000000727100000,0x0000000727100000,0x0000000728600000)
 ParOldGen       total 349696K, used 9585K [0x00000005c1000000, 0x00000005d6580000, 0x0000000715b00000)
  object space 349696K, 2% used [0x00000005c1000000,0x00000005c195c7a0,0x00000005d6580000)
 Metaspace       used 17420K, capacity 17632K, committed 17792K, reserved 1064960K
  class space    used 1967K, capacity 2074K, committed 2176K, reserved 1048576K

Card table byte_map: [0x0000017f296a0000,0x0000017f2a6a0000] byte_map_base: 0x0000017f26898000

Marking Bits: (ParMarkBitMap*) 0x000000006d167790
 Begin Bits: [0x0000017f2b150000, 0x0000017f33110000)
 End Bits:   [0x0000017f33110000, 0x0000017f3b0d0000)

Polling page: 0x0000017f18a90000

CodeCache: size=245760Kb used=9942Kb max_used=9954Kb free=235817Kb
 bounds [0x0000017f1a2e0000, 0x0000017f1acb0000, 0x0000017f292e0000]
 total_blobs=2352 nmethods=1986 adapters=276
 compilation: enabled

Compilation events (10 events):
Event: 1.773 Thread 0x0000017f3fa32800 1986   !   4       java.util.zip.Inflater::setInput (74 bytes)
Event: 1.775 Thread 0x0000017f3fa32800 nmethod 1986 0x0000017f1ac89690 code [0x0000017f1ac897e0, 0x0000017f1ac89ab8]
Event: 1.775 Thread 0x0000017f3fa3d000 1987       4       java.io.BufferedInputStream::read1 (108 bytes)
Event: 1.780 Thread 0x0000017f3fa3d000 nmethod 1987 0x0000017f1ac7ce10 code [0x0000017f1ac7cf80, 0x0000017f1ac7d5c8]
Event: 1.782 Thread 0x0000017f3fa34000 1988  s    4       java.io.BufferedInputStream::read (113 bytes)
Event: 1.801 Thread 0x0000017f3fa34000 nmethod 1988 0x0000017f1ac76750 code [0x0000017f1ac76920, 0x0000017f1ac77bc8]
Event: 1.807 Thread 0x0000017f3fa35000 1989       4       java.io.PushbackInputStream::read (145 bytes)
Event: 1.808 Thread 0x0000017f3fa3c800 1990       4       java.util.zip.InflaterInputStream::fill (60 bytes)
Event: 1.810 Thread 0x0000017f3fa35000 nmethod 1989 0x0000017f1ac7c7d0 code [0x0000017f1ac7c920, 0x0000017f1ac7cbb8]
Event: 1.812 Thread 0x0000017f3fa3c800 nmethod 1990 0x0000017f1ac9c4d0 code [0x0000017f1ac9c640, 0x0000017f1ac9cb78]

GC Heap History (2 events):
Event: 1.460 GC heap before
{Heap before GC invocations=1 (full 0):
 PSYoungGen      total 153088K, used 131584K [0x0000000715b00000, 0x0000000720580000, 0x00000007c0000000)
  eden space 131584K, 100% used [0x0000000715b00000,0x000000071db80000,0x000000071db80000)
  from space 21504K, 0% used [0x000000071f080000,0x000000071f080000,0x0000000720580000)
  to   space 21504K, 0% used [0x000000071db80000,0x000000071db80000,0x000000071f080000)
 ParOldGen       total 349696K, used 0K [0x00000005c1000000, 0x00000005d6580000, 0x0000000715b00000)
  object space 349696K, 0% used [0x00000005c1000000,0x00000005c1000000,0x00000005d6580000)
 Metaspace       used 17405K, capacity 17632K, committed 17792K, reserved 1064960K
  class space    used 1967K, capacity 2074K, committed 2176K, reserved 1048576K
Event: 1.488 GC heap after
Heap after GC invocations=1 (full 0):
 PSYoungGen      total 153088K, used 21503K [0x0000000715b00000, 0x0000000728600000, 0x00000007c0000000)
  eden space 131584K, 0% used [0x0000000715b00000,0x0000000715b00000,0x000000071db80000)
  from space 21504K, 99% used [0x000000071db80000,0x000000071f07fd58,0x000000071f080000)
  to   space 21504K, 0% used [0x0000000727100000,0x0000000727100000,0x0000000728600000)
 ParOldGen       total 349696K, used 9585K [0x00000005c1000000, 0x00000005d6580000, 0x0000000715b00000)
  object space 349696K, 2% used [0x00000005c1000000,0x00000005c195c7a0,0x00000005d6580000)
 Metaspace       used 17405K, capacity 17632K, committed 17792K, reserved 1064960K
  class space    used 1967K, capacity 2074K, committed 2176K, reserved 1048576K
}

Deoptimization events (10 events):
Event: 1.320 Thread 0x0000017f406c1000 Uncommon trap: reason=bimorphic action=maybe_recompile pc=0x0000017f1ab989cc method=java.util.regex.Pattern$NotBehind.match(Ljava/util/regex/Matcher;ILjava/lang/CharSequence;)Z @ 125
Event: 1.320 Thread 0x0000017f406c1000 Uncommon trap: reason=bimorphic action=maybe_recompile pc=0x0000017f1ab989cc method=java.util.regex.Pattern$NotBehind.match(Ljava/util/regex/Matcher;ILjava/lang/CharSequence;)Z @ 125
Event: 1.439 Thread 0x0000017f406c1000 Uncommon trap: reason=unstable_if action=reinterpret pc=0x0000017f1ac22f3c method=java.util.zip.ZipInputStream.read([BII)I @ 86
Event: 1.506 Thread 0x0000017f406c1000 Uncommon trap: reason=predicate action=maybe_recompile pc=0x0000017f1ac584cc method=java.util.LinkedList.toArray([Ljava/lang/Object;)[Ljava/lang/Object; @ 45
Event: 1.512 Thread 0x0000017f406c1000 Uncommon trap: reason=array_check action=maybe_recompile pc=0x0000017f1ac58ed0 method=java.util.LinkedList.toArray([Ljava/lang/Object;)[Ljava/lang/Object; @ 55
Event: 1.512 Thread 0x0000017f406c1000 Uncommon trap: reason=array_check action=maybe_recompile pc=0x0000017f1ac58ed0 method=java.util.LinkedList.toArray([Ljava/lang/Object;)[Ljava/lang/Object; @ 55
Event: 1.512 Thread 0x0000017f406c1000 Uncommon trap: reason=array_check action=maybe_recompile pc=0x0000017f1ac58ed0 method=java.util.LinkedList.toArray([Ljava/lang/Object;)[Ljava/lang/Object; @ 55
Event: 1.512 Thread 0x0000017f406c1000 Uncommon trap: reason=array_check action=maybe_recompile pc=0x0000017f1ac58ed0 method=java.util.LinkedList.toArray([Ljava/lang/Object;)[Ljava/lang/Object; @ 55
Event: 1.644 Thread 0x0000017f406c1000 Uncommon trap: reason=unstable_if action=reinterpret pc=0x0000017f1ac7b0e8 method=opennlp.tools.ml.model.AbstractModelReader.getOutcomePatterns()[[I @ 14
Event: 1.728 Thread 0x0000017f406c1000 Uncommon trap: reason=unstable_if action=reinterpret pc=0x0000017f1ac5569c method=opennlp.tools.ml.model.AbstractModelReader.getPredicates()[Ljava/lang/String; @ 23

Classes redefined (0 events):
No events

Internal exceptions (10 events):
Event: 0.542 Thread 0x0000017f406c1000 Exception <a 'java/security/PrivilegedActionException'> (0x00000007179a2ab8) thrown at [J:\jenkins\tmp\workspace\build\src\hotspot\src\share\vm\prims\jvm.cpp, line 1512]
Event: 0.542 Thread 0x0000017f406c1000 Exception <a 'java/security/PrivilegedActionException'> (0x00000007179a7948) thrown at [J:\jenkins\tmp\workspace\build\src\hotspot\src\share\vm\prims\jvm.cpp, line 1512]
Event: 0.542 Thread 0x0000017f406c1000 Exception <a 'java/security/PrivilegedActionException'> (0x00000007179a7d40) thrown at [J:\jenkins\tmp\workspace\build\src\hotspot\src\share\vm\prims\jvm.cpp, line 1512]
Event: 0.593 Thread 0x0000017f406c1000 Exception <a 'java/lang/NoClassDefFoundError': org/apache/log4j/Priority> (0x0000000717ecbd08) thrown at [J:\jenkins\tmp\workspace\build\src\hotspot\src\share\vm\classfile\systemDictionary.cpp, line 204]
Event: 0.599 Thread 0x0000017f406c1000 Implicit null exception at 0x0000017f1a7331d6 to 0x0000017f1a733571
Event: 1.067 Thread 0x0000017f406c1000 Implicit null exception at 0x0000017f1aa6e43b to 0x0000017f1aa6f119
Event: 1.139 Thread 0x0000017f406c1000 Implicit null exception at 0x0000017f1a71a8d5 to 0x0000017f1a71aadd
Event: 1.140 Thread 0x0000017f406c1000 Implicit null exception at 0x0000017f1a89ff7b to 0x0000017f1a8a0605
Event: 1.257 Thread 0x0000017f406c1000 Implicit null exception at 0x0000017f1aa72bc7 to 0x0000017f1aa737a9
Event: 1.274 Thread 0x0000017f406c1000 Implicit null exception at 0x0000017f1abc0fbf to 0x0000017f1abc1905

Events (10 events):
Event: 1.644 Thread 0x0000017f406c1000 Uncommon trap: trap_request=0xffffff65 fr.pc=0x0000017f1ac7b0e8
Event: 1.644 Thread 0x0000017f406c1000 DEOPT PACKING pc=0x0000017f1ac7b0e8 sp=0x0000003fd72fdf80
Event: 1.644 Thread 0x0000017f406c1000 DEOPT UNPACKING pc=0x0000017f1a325583 sp=0x0000003fd72fdf70 mode 2
Event: 1.704 Thread 0x0000017f406c1000 DEOPT PACKING pc=0x0000017f1ac685d7 sp=0x0000003fd72fdf90
Event: 1.704 Thread 0x0000017f406c1000 DEOPT UNPACKING pc=0x0000017f1a3271d8 sp=0x0000003fd72fdd10 mode 0
Event: 1.728 Thread 0x0000017f406c1000 Uncommon trap: trap_request=0xffffff65 fr.pc=0x0000017f1ac5569c
Event: 1.728 Thread 0x0000017f406c1000 DEOPT PACKING pc=0x0000017f1ac5569c sp=0x0000003fd72fdfc0
Event: 1.728 Thread 0x0000017f406c1000 DEOPT UNPACKING pc=0x0000017f1a325583 sp=0x0000003fd72fdf90 mode 2
Event: 1.757 Thread 0x0000017f406c1000 DEOPT PACKING pc=0x0000017f1ac2561a sp=0x0000003fd72fdf40
Event: 1.757 Thread 0x0000017f406c1000 DEOPT UNPACKING pc=0x0000017f1a3271d8 sp=0x0000003fd72fdcd8 mode 0


Dynamic libraries:
0x00007ff705ad0000 - 0x00007ff705b0a000 	C:\Program Files\AdoptOpenJDK\jdk-8.0.265.01-hotspot\bin\java.exe
0x00007ffff5f50000 - 0x00007ffff6146000 	C:\WINDOWS\SYSTEM32\ntdll.dll
0x00007ffff5e50000 - 0x00007ffff5f0d000 	C:\WINDOWS\System32\KERNEL32.DLL
0x00007ffff37f0000 - 0x00007ffff3ab9000 	C:\WINDOWS\System32\KERNELBASE.dll
0x00007ffff53e0000 - 0x00007ffff548c000 	C:\WINDOWS\System32\ADVAPI32.dll
0x00007ffff5580000 - 0x00007ffff561e000 	C:\WINDOWS\System32\msvcrt.dll
0x00007ffff3fe0000 - 0x00007ffff407c000 	C:\WINDOWS\System32\sechost.dll
0x00007ffff5760000 - 0x00007ffff588b000 	C:\WINDOWS\System32\RPCRT4.dll
0x00007ffff5cb0000 - 0x00007ffff5e50000 	C:\WINDOWS\System32\USER32.dll
0x00007ffff3ee0000 - 0x00007ffff3f02000 	C:\WINDOWS\System32\win32u.dll
0x00007ffff5c80000 - 0x00007ffff5caa000 	C:\WINDOWS\System32\GDI32.dll
0x00007ffff3d80000 - 0x00007ffff3e8b000 	C:\WINDOWS\System32\gdi32full.dll
0x00007ffff3f10000 - 0x00007ffff3fad000 	C:\WINDOWS\System32\msvcp_win.dll
0x00007ffff3ba0000 - 0x00007ffff3ca0000 	C:\WINDOWS\System32\ucrtbase.dll
0x00007fffdefa0000 - 0x00007fffdf23b000 	C:\WINDOWS\WinSxS\amd64_microsoft.windows.common-controls_6595b64144ccf1df_6.0.19041.746_none_ca02b4b61b8320a4\COMCTL32.dll
0x00007ffff3fb0000 - 0x00007ffff3fe0000 	C:\WINDOWS\System32\IMM32.DLL
0x00007fffc5870000 - 0x00007fffc595f000 	C:\Program Files\AdoptOpenJDK\jdk-8.0.265.01-hotspot\jre\bin\msvcr120.dll
0x00007fffbd980000 - 0x00007fffbda26000 	C:\Program Files\AdoptOpenJDK\jdk-8.0.265.01-hotspot\jre\bin\msvcp120.dll
0x000000006c980000 - 0x000000006d1e6000 	C:\Program Files\AdoptOpenJDK\jdk-8.0.265.01-hotspot\jre\bin\server\jvm.dll
0x00007ffff58f0000 - 0x00007ffff58f8000 	C:\WINDOWS\System32\PSAPI.DLL
0x00007fffb4800000 - 0x00007fffb4809000 	C:\WINDOWS\SYSTEM32\WSOCK32.dll
0x00007fffecd60000 - 0x00007fffecd6a000 	C:\WINDOWS\SYSTEM32\VERSION.dll
0x00007fffeb560000 - 0x00007fffeb587000 	C:\WINDOWS\SYSTEM32\WINMM.dll
0x00007ffff4080000 - 0x00007ffff40eb000 	C:\WINDOWS\System32\WS2_32.dll
0x00007fffe0660000 - 0x00007fffe066f000 	C:\Program Files\AdoptOpenJDK\jdk-8.0.265.01-hotspot\jre\bin\verify.dll
0x00007fffc5840000 - 0x00007fffc5868000 	C:\Program Files\AdoptOpenJDK\jdk-8.0.265.01-hotspot\jre\bin\java.dll
0x00007fffcf3c0000 - 0x00007fffcf3d6000 	C:\Program Files\AdoptOpenJDK\jdk-8.0.265.01-hotspot\jre\bin\zip.dll
0x00007ffff4c80000 - 0x00007ffff53c2000 	C:\WINDOWS\System32\SHELL32.dll
0x00007ffff1800000 - 0x00007ffff1f90000 	C:\WINDOWS\SYSTEM32\windows.storage.dll
0x00007ffff5920000 - 0x00007ffff5c76000 	C:\WINDOWS\System32\combase.dll
0x00007ffff30f0000 - 0x00007ffff311c000 	C:\WINDOWS\SYSTEM32\Wldp.dll
0x00007ffff47c0000 - 0x00007ffff486e000 	C:\WINDOWS\System32\SHCORE.dll
0x00007ffff4af0000 - 0x00007ffff4b45000 	C:\WINDOWS\System32\shlwapi.dll
0x00007ffff35c0000 - 0x00007ffff35e6000 	C:\WINDOWS\SYSTEM32\profapi.dll
0x00007fffc5820000 - 0x00007fffc583a000 	C:\Program Files\AdoptOpenJDK\jdk-8.0.265.01-hotspot\jre\bin\net.dll
0x00007ffff2e70000 - 0x00007ffff2eda000 	C:\WINDOWS\system32\mswsock.dll
0x00007ffff2b60000 - 0x00007ffff2c2b000 	C:\WINDOWS\SYSTEM32\DNSAPI.dll
0x00007ffff2b10000 - 0x00007ffff2b4b000 	C:\WINDOWS\SYSTEM32\IPHLPAPI.DLL
0x00007ffff4340000 - 0x00007ffff4348000 	C:\WINDOWS\System32\NSI.dll
0x00007fffeb5e0000 - 0x00007fffeb5ea000 	C:\Windows\System32\rasadhlp.dll
0x00007fffe8ad0000 - 0x00007fffe8b4f000 	C:\WINDOWS\System32\fwpuclnt.dll
0x00007ffff3ac0000 - 0x00007ffff3ae7000 	C:\WINDOWS\System32\bcrypt.dll

VM Arguments:
java_command: App 56277
java_class_path (initial): c:\Users\victo\.vscode\extensions\adamvoss.vscode-languagetool-3.8.0\lib\languagetool-languageserver\build\install\languagetool-languageserver\bin\..\lib\annotations-12.0.jar;c:\Users\victo\.vscode\extensions\adamvoss.vscode-languagetool-3.8.0\lib\languagetool-languageserver\build\install\languagetool-languageserver\bin\..\lib\autolink-0.6.0.jar;c:\Users\victo\.vscode\extensions\adamvoss.vscode-languagetool-3.8.0\lib\languagetool-languageserver\build\install\languagetool-languageserver\bin\..\lib\berkeleylm-1.1.2.jar;c:\Users\victo\.vscode\extensions\adamvoss.vscode-languagetool-3.8.0\lib\languagetool-languageserver\build\install\languagetool-languageserver\bin\..\lib\commons-lang3-3.5.jar;c:\Users\victo\.vscode\extensions\adamvoss.vscode-languagetool-3.8.0\lib\languagetool-languageserver\build\install\languagetool-languageserver\bin\..\lib\commons-logging-1.2.jar;c:\Users\victo\.vscode\extensions\adamvoss.vscode-languagetool-3.8.0\lib\languagetool-languageserver\build\install\languagetool-languageserver\bin\..\lib\flexmark-0.19.1.jar;c:\Users\victo\.vscode\extensions\adamvoss.vscode-languagetool-3.8.0\lib\languagetool-languageserver\build\install\languagetool-languageserver\bin\..\lib\flexmark-all-0.19.1.jar;c:\Users\victo\.vscode\extensions\adamvoss.vscode-languagetool-3.8.0\lib\languagetool-languageserver\build\install\languagetool-languageserver\bin\..\lib\flexmark-ext-abbreviation-0.19.1.jar;c:\Users\victo\.vscode\extensions\adamvoss.vscode-languagetool-3.8.0\lib\languagetool-languageserver\build\install\languagetool-languageserver\bin\..\lib\flexmark-ext-anchorlink-0.19.1.jar;c:\Users\victo\.vscode\extensions\adamvoss.vscode-languagetool-3.8.0\lib\languagetool-languageserver\build\install\languagetool-languageserver\bin\..\lib\flexmark-ext-aside-0.19.1.jar;c:\Users\victo\.vscode\extensions\adamvoss.vscode-languagetool-3.8.0\lib\languagetool-languageserver\build\install\languagetool-languageserver\bin\..\lib\flexmark-ext-autolink-0.
Launcher Type: SUN_STANDARD

Environment Variables:
CLASSPATH=c:\Users\victo\.vscode\extensions\adamvoss.vscode-languagetool-3.8.0\lib\languagetool-languageserver\build\install\languagetool-languageserver\bin\..\lib\*;c:\Users\victo\.vscode\extensions\adamvoss.vscode-languagetool-en-3.8.0\lib\*
PATH=C:\Perl64\bin;C:\Users\victo\AppData\Roaming\ActiveState\bin;C:\Program Files\AdoptOpenJDK\jdk-8.0.265.01-hotspot\bin;C:\Program Files (x86)\Common Files\Oracle\Java\javapath;C:\Program Files\AdoptOpenJDK\jre-14.0.2.12-hotspot\bin;C:\WINDOWS\system32;C:\WINDOWS;C:\WINDOWS\System32\Wbem;C:\WINDOWS\System32\WindowsPowerShell\v1.0\;C:\WINDOWS\System32\OpenSSH\;C:\Program Files\Microsoft SQL Server\130\Tools\Binn\;C:\Program Files\Microsoft SQL Server\Client SDK\ODBC\170\Tools\Binn\;C:\Program Files\dotnet\;C:\ProgramData\chocolatey\bin;C:\Program Files\MATLAB\R2020b\runtime\win64;C:\Program Files\MATLAB\R2020b\bin;C:\Program Files (x86)\Calibre2\;C:\Program Files\Wolfram Research\WolframScript\;C:\Program Files\Git\cmd;C:\Program Files\AdoptOpenJDK\jdk-8.0.265.01-hotspot\bin;C:\Program Files (x86)\Common Files\Oracle\Java\javapath;C:\Users\victo\AppData\Local\Programs\Julia 1.5.3\bin;C:\Program Files\AdoptOpenJDK\jre-14.0.2.12-hotspot\bin;C:\WINDOWS\system32;C:\WINDOWS;C:\WINDOWS\System32\Wbem;C:\WINDOWS\System32\WindowsPowerShell\v1.0\;C:\WINDOWS\System32\OpenSSH\;C:\Program Files\Microsoft SQL Server\130\Tools\Binn\;C:\Program Files\Microsoft SQL Server\Client SDK\ODBC\170\Tools\Binn\;C:\Program Files\dotnet\;C:\ProgramData\chocolatey\bin;C:\Program Files\MATLAB\R2020b\runtime\win64;C:\Program Files\MATLAB\R2020b\bin;C:\Program Files (x86)\Calibre2\;C:\Program Files\Git\cmd;C:\Users\victo\AppData\Local\Microsoft\WindowsApps;C:\Users\victo\AppData\Local\Programs\Microsoft VS Code\bin;C:\Users\victo\AppData\Local\Programs\MiKTeX 2.9\miktex\bin\x64\;C:\Users\victo\AppData\Local\hyper\app-3.0.2\resources\bin;
USERNAME=victo
OS=Windows_NT
PROCESSOR_IDENTIFIER=AMD64 Family 23 Model 8 Stepping 2, AuthenticAMD



---------------  S Y S T E M  ---------------

OS: Windows 10.0 , 64 bit Build 19041 (10.0.19041.804)

CPU:total 16 (initial active 16) (16 cores per cpu, 1 threads per core) family 23 model 8 stepping 2, cmov, cx8, fxsr, mmx, sse, sse2, sse3, ssse3, sse4.1, sse4.2, popcnt, avx, avx2, aes, clmul, mmxext, 3dnowpref, lzcnt, sse4a, tsc, tscinvbit, tscinv, bmi1

Memory: 4k page, physical 33481164k(15334600k free), swap 35578316k(8204k free)

vm_info: OpenJDK 64-Bit Server VM (25.265-b01) for windows-amd64 JRE (1.8.0_265-b01), built on Jul 28 2020 15:11:27 by "jenkins" with MS VC++ 12.0 (VS2013)

time: Mon Mar 01 14:50:49 2021
timezone: Pacific Standard Time
elapsed time: 1 seconds (0d 0h 0m 1s)

