#
# There is insufficient memory for the Java Runtime Environment to continue.
# Native memory allocation (malloc) failed to allocate 65552 bytes for Chunk::new
# Possible reasons:
#   The system is out of physical RAM or swap space
#   The process is running with CompressedOops enabled, and the Java Heap may be blocking the growth of the native heap
# Possible solutions:
#   Reduce memory load on the system
#   Increase physical memory or swap space
#   Check if swap backing store is full
#   Decrease Java heap size (-Xmx/-Xms)
#   Decrease number of Java threads
#   Decrease Java thread stack sizes (-Xss)
#   Set larger code cache with -XX:ReservedCodeCacheSize=
#   JVM is running with Zero Based Compressed Oops mode in which the Java heap is
#     placed in the first 32GB address space. The Java Heap base address is the
#     maximum limit for the native heap growth. Please use -XX:HeapBaseMinAddress
#     to set the Java Heap base and to place the Java Heap above 32GB virtual address.
# This output file may be truncated or incomplete.
#
#  Out of Memory Error (allocation.cpp:389), pid=8164, tid=0x000000000000297c
#
# JRE version: OpenJDK Runtime Environment (8.0_265-b01) (build 1.8.0_265-b01)
# Java VM: OpenJDK 64-Bit Server VM (25.265-b01 mixed mode windows-amd64 compressed oops)
# Failed to write core dump. Minidumps are not enabled by default on client versions of Windows
#

---------------  T H R E A D  ---------------

Current thread (0x000002101fa79800):  JavaThread "C2 CompilerThread2" daemon [_thread_in_native, id=10620, stack(0x000000785cf00000,0x000000785d000000)]

Stack: [0x000000785cf00000,0x000000785d000000]
[error occurred during error reporting (printing stack bounds), id 0xc0000005]

Native frames: (J=compiled Java code, j=interpreted, Vv=VM code, C=native code)


Current CompileTask:
C2:    981 1382 %     4       com.sun.org.apache.xerces.internal.impl.io.UTF8Reader::read @ 150 (1443 bytes)


---------------  P R O C E S S  ---------------

Java Threads: ( => current thread )
  0x000002107896d000 JavaThread "DestroyJavaVM" [_thread_blocked, id=12096, stack(0x000000785ba00000,0x000000785bb00000)]
  0x0000021020c35000 JavaThread "pool-1-thread-1" [_thread_in_Java, id=4164, stack(0x000000785db00000,0x000000785dc00000)]
  0x000002101fb6a800 JavaThread "Service Thread" daemon [_thread_blocked, id=14524, stack(0x000000785d900000,0x000000785da00000)]
  0x000002101fae5000 JavaThread "C1 CompilerThread11" daemon [_thread_in_native, id=15032, stack(0x000000785d800000,0x000000785d900000)]
  0x000002101fae8000 JavaThread "C1 CompilerThread10" daemon [_thread_in_native, id=29668, stack(0x000000785d700000,0x000000785d800000)]
  0x000002101faec000 JavaThread "C1 CompilerThread9" daemon [_thread_blocked, id=25088, stack(0x000000785d600000,0x000000785d700000)]
  0x000002101faeb000 JavaThread "C1 CompilerThread8" daemon [_thread_blocked, id=27592, stack(0x000000785d500000,0x000000785d600000)]
  0x000002101fae6800 JavaThread "C2 CompilerThread7" daemon [_thread_in_vm, id=14616, stack(0x000000785d400000,0x000000785d500000)]
  0x000002101fac1000 JavaThread "C2 CompilerThread6" daemon [_thread_blocked, id=18808, stack(0x000000785d300000,0x000000785d400000)]
  0x000002101fab0800 JavaThread "C2 CompilerThread5" daemon [_thread_in_native, id=29024, stack(0x000000785d200000,0x000000785d300000)]
  0x000002101fa8f800 JavaThread "C2 CompilerThread4" daemon [_thread_in_native, id=24016, stack(0x000000785d100000,0x000000785d200000)]
  0x000002101fa7c800 JavaThread "C2 CompilerThread3" daemon [_thread_blocked, id=28600, stack(0x000000785d000000,0x000000785d100000)]
=>0x000002101fa79800 JavaThread "C2 CompilerThread2" daemon [_thread_in_native, id=10620, stack(0x000000785cf00000,0x000000785d000000)]
  0x000002101fa78000 JavaThread "C2 CompilerThread1" daemon [_thread_in_native, id=23864, stack(0x000000785ce00000,0x000000785cf00000)]
  0x000002101fa72800 JavaThread "C2 CompilerThread0" daemon [_thread_in_native, id=29576, stack(0x000000785cd00000,0x000000785ce00000)]
  0x000002101fa71000 JavaThread "Attach Listener" daemon [_thread_blocked, id=24984, stack(0x000000785cc00000,0x000000785cd00000)]
  0x000002101fa64000 JavaThread "Signal Dispatcher" daemon [_thread_blocked, id=18732, stack(0x000000785cb00000,0x000000785cc00000)]
  0x000002101fa47000 JavaThread "Finalizer" daemon [_thread_blocked, id=29476, stack(0x000000785ca00000,0x000000785cb00000)]
  0x000002107debd800 JavaThread "Reference Handler" daemon [_thread_blocked, id=19192, stack(0x000000785c900000,0x000000785ca00000)]

Other Threads:
  0x000002107deb0800 VMThread [stack: 0x000000785c800000,0x000000785c900000] [id=31700]
  0x000002101fb4a800 WatcherThread [stack: 0x000000785da00000,0x000000785db00000] [id=25540]

VM state:not at safepoint (normal execution)

VM Mutex/Monitor currently owned by a thread: None

heap address: 0x00000005c1000000, size: 8176 MB, Compressed Oops mode: Zero based, Oop shift amount: 3
Narrow klass base: 0x0000000000000000, Narrow klass shift: 3
Compressed class space size: 1073741824 Address: 0x00000007c0000000

Heap:
 PSYoungGen      total 153088K, used 81591K [0x0000000715b00000, 0x0000000720580000, 0x00000007c0000000)
  eden space 131584K, 62% used [0x0000000715b00000,0x000000071aaadda8,0x000000071db80000)
  from space 21504K, 0% used [0x000000071f080000,0x000000071f080000,0x0000000720580000)
  to   space 21504K, 0% used [0x000000071db80000,0x000000071db80000,0x000000071f080000)
 ParOldGen       total 349696K, used 0K [0x00000005c1000000, 0x00000005d6580000, 0x0000000715b00000)
  object space 349696K, 0% used [0x00000005c1000000,0x00000005c1000000,0x00000005d6580000)
 Metaspace       used 15431K, capacity 15668K, committed 15872K, reserved 1064960K
  class space    used 1705K, capacity 1784K, committed 1792K, reserved 1048576K

Card table byte_map: [0x000002107a740000,0x000002107b740000] byte_map_base: 0x0000021077938000

Marking Bits: (ParMarkBitMap*) 0x000000006d167790
 Begin Bits: [0x000002100f000000, 0x0000021016fc0000)
 End Bits:   [0x0000021016fc0000, 0x000002101ef80000)

Polling page: 0x0000021078910000

CodeCache: size=245760Kb used=6969Kb max_used=6986Kb free=238791Kb
 bounds [0x0000021000000000, 0x00000210006e0000, 0x000002100f000000]
 total_blobs=1744 nmethods=1382 adapters=273
 compilation: enabled

Compilation events (10 events):
Event: 0.975 Thread 0x000002101fae5000 1377       3       com.sun.org.apache.xerces.internal.impl.io.UTF8Reader::read (1443 bytes)
Event: 0.975 Thread 0x000002101fa79800 1378       4       com.sun.org.apache.xerces.internal.util.XMLAttributesImpl::getIndex (51 bytes)
Event: 0.976 Thread 0x000002101fab0800 1379       4       com.sun.org.apache.xerces.internal.util.SymbolTable::hash (53 bytes)
Event: 0.977 Thread 0x000002101faec000 nmethod 1376 0x00000210006b9e90 code [0x00000210006ba360, 0x00000210006bd050]
Event: 0.977 Thread 0x000002101fab0800 nmethod 1379 0x0000021000695a50 code [0x0000021000695b80, 0x0000021000695d18]
Event: 0.977 Thread 0x000002101fab0800 1380       4       com.sun.org.apache.xerces.internal.impl.XMLEntityScanner::scanContent (690 bytes)
Event: 0.978 Thread 0x000002101fae5000 nmethod 1377 0x00000210006beb50 code [0x00000210006befa0, 0x00000210006c1ba0]
Event: 0.978 Thread 0x000002101fae8000 1381       3       org.languagetool.rules.ITSIssueType::getIssueType (81 bytes)
Event: 0.978 Thread 0x000002101fa79800 nmethod 1378 0x0000021000695490 code [0x00000210006955e0, 0x00000210006958f8]
Event: 0.978 Thread 0x000002101fa79800 1382 %     4       com.sun.org.apache.xerces.internal.impl.io.UTF8Reader::read @ 150 (1443 bytes)

GC Heap History (0 events):
No events

Deoptimization events (10 events):
Event: 0.942 Thread 0x0000021020c35000 Uncommon trap: reason=unstable_if action=reinterpret pc=0x0000021000602f8c method=java.lang.String.trim()Ljava/lang/String; @ 15
Event: 0.943 Thread 0x0000021020c35000 Uncommon trap: reason=unstable_if action=reinterpret pc=0x00000210005fd1e8 method=java.lang.String.trim()Ljava/lang/String; @ 15
Event: 0.943 Thread 0x0000021020c35000 Uncommon trap: reason=unstable_if action=reinterpret pc=0x00000210005e7e30 method=java.lang.String.trim()Ljava/lang/String; @ 15
Event: 0.943 Thread 0x0000021020c35000 Uncommon trap: reason=unstable_if action=reinterpret pc=0x00000210005e17e0 method=java.lang.String.trim()Ljava/lang/String; @ 15
Event: 0.943 Thread 0x0000021020c35000 Uncommon trap: reason=unstable_if action=reinterpret pc=0x00000210005e9e00 method=java.util.regex.Pattern.sequence(Ljava/util/regex/Pattern$Node;)Ljava/util/regex/Pattern$Node; @ 512
Event: 0.943 Thread 0x0000021020c35000 Uncommon trap: reason=unstable_if action=reinterpret pc=0x00000210005eb70c method=java.util.regex.Pattern.expr(Ljava/util/regex/Pattern$Node;)Ljava/util/regex/Pattern$Node; @ 129
Event: 0.943 Thread 0x0000021020c35000 Uncommon trap: reason=unstable_if action=reinterpret pc=0x00000210005d2df8 method=org.languagetool.tools.StringTools.isEmpty(Ljava/lang/String;)Z @ 8
Event: 0.944 Thread 0x0000021020c35000 Uncommon trap: reason=unstable_if action=reinterpret pc=0x00000210005e0d74 method=java.util.regex.Pattern.newSingle(I)Ljava/util/regex/Pattern$CharProperty; @ 29
Event: 0.963 Thread 0x0000021020c35000 Uncommon trap: reason=unstable_if action=reinterpret pc=0x0000021000627c68 method=com.sun.org.apache.xerces.internal.impl.XMLEntityScanner.checkEntityLimit(Lcom/sun/org/apache/xerces/internal/impl/XMLScanner$NameType;Lcom/sun/xml/internal/stream/Entity$Sc
Event: 0.968 Thread 0x0000021020c35000 Uncommon trap: reason=unstable_if action=reinterpret pc=0x000002100066c06c method=com.sun.org.apache.xerces.internal.impl.XMLEntityScanner.checkEntityLimit(Lcom/sun/org/apache/xerces/internal/impl/XMLScanner$NameType;Lcom/sun/xml/internal/stream/Entity$Sc

Classes redefined (0 events):
No events

Internal exceptions (10 events):
Event: 0.428 Thread 0x000002107896d000 Exception <a 'java/lang/ArrayIndexOutOfBoundsException': 67> (0x0000000716d83120) thrown at [J:\jenkins\tmp\workspace\build\src\hotspot\src\share\vm\interpreter\interpreterRuntime.cpp, line 368]
Event: 0.439 Thread 0x000002107896d000 Exception <a 'java/lang/ArrayIndexOutOfBoundsException': 112> (0x0000000716e31be0) thrown at [J:\jenkins\tmp\workspace\build\src\hotspot\src\share\vm\interpreter\interpreterRuntime.cpp, line 368]
Event: 0.439 Thread 0x000002107896d000 Exception <a 'java/lang/ArrayIndexOutOfBoundsException': 146> (0x0000000716e34458) thrown at [J:\jenkins\tmp\workspace\build\src\hotspot\src\share\vm\interpreter\interpreterRuntime.cpp, line 368]
Event: 0.440 Thread 0x000002107896d000 Exception <a 'java/lang/ArrayIndexOutOfBoundsException': 108> (0x0000000716e36a40) thrown at [J:\jenkins\tmp\workspace\build\src\hotspot\src\share\vm\interpreter\interpreterRuntime.cpp, line 368]
Event: 0.577 Thread 0x0000021020c35000 Exception <a 'java/security/PrivilegedActionException'> (0x00000007179a2408) thrown at [J:\jenkins\tmp\workspace\build\src\hotspot\src\share\vm\prims\jvm.cpp, line 1512]
Event: 0.577 Thread 0x0000021020c35000 Exception <a 'java/security/PrivilegedActionException'> (0x00000007179a2800) thrown at [J:\jenkins\tmp\workspace\build\src\hotspot\src\share\vm\prims\jvm.cpp, line 1512]
Event: 0.577 Thread 0x0000021020c35000 Exception <a 'java/security/PrivilegedActionException'> (0x00000007179a7690) thrown at [J:\jenkins\tmp\workspace\build\src\hotspot\src\share\vm\prims\jvm.cpp, line 1512]
Event: 0.577 Thread 0x0000021020c35000 Exception <a 'java/security/PrivilegedActionException'> (0x00000007179a7a88) thrown at [J:\jenkins\tmp\workspace\build\src\hotspot\src\share\vm\prims\jvm.cpp, line 1512]
Event: 0.633 Thread 0x0000021020c35000 Exception <a 'java/lang/NoClassDefFoundError': org/apache/log4j/Priority> (0x0000000717ecb888) thrown at [J:\jenkins\tmp\workspace\build\src\hotspot\src\share\vm\classfile\systemDictionary.cpp, line 204]
Event: 0.638 Thread 0x0000021020c35000 Implicit null exception at 0x0000021000416e96 to 0x0000021000417231

Events (10 events):
Event: 0.963 Thread 0x0000021020c35000 Uncommon trap: trap_request=0xffffff65 fr.pc=0x0000021000627c68
Event: 0.963 Thread 0x0000021020c35000 DEOPT PACKING pc=0x0000021000627c68 sp=0x000000785dbfd700
Event: 0.963 Thread 0x0000021020c35000 DEOPT UNPACKING pc=0x0000021000045583 sp=0x000000785dbfd690 mode 2
Event: 0.963 loading class java/util/regex/Pattern$2
Event: 0.964 loading class java/util/regex/Pattern$2 done
Event: 0.968 Thread 0x0000021020c35000 Uncommon trap: trap_request=0xffffff65 fr.pc=0x000002100066c06c
Event: 0.968 Thread 0x0000021020c35000 DEOPT PACKING pc=0x000002100066c06c sp=0x000000785dbfd760
Event: 0.968 Thread 0x0000021020c35000 DEOPT UNPACKING pc=0x0000021000045583 sp=0x000000785dbfd698 mode 2
Event: 0.977 loading class org/languagetool/rules/ErrorTriggeringExample
Event: 0.977 loading class org/languagetool/rules/ErrorTriggeringExample done


Dynamic libraries:
0x00007ff705ad0000 - 0x00007ff705b0a000 	C:\Program Files\AdoptOpenJDK\jdk-8.0.265.01-hotspot\bin\java.exe
0x00007ffff5f50000 - 0x00007ffff6146000 	C:\WINDOWS\SYSTEM32\ntdll.dll
0x00007ffff5e50000 - 0x00007ffff5f0d000 	C:\WINDOWS\System32\KERNEL32.DLL
0x00007ffff37f0000 - 0x00007ffff3ab9000 	C:\WINDOWS\System32\KERNELBASE.dll
0x00007ffff53e0000 - 0x00007ffff548c000 	C:\WINDOWS\System32\ADVAPI32.dll
0x00007ffff5580000 - 0x00007ffff561e000 	C:\WINDOWS\System32\msvcrt.dll
0x00007ffff3fe0000 - 0x00007ffff407c000 	C:\WINDOWS\System32\sechost.dll
0x00007ffff5760000 - 0x00007ffff588b000 	C:\WINDOWS\System32\RPCRT4.dll
0x00007ffff5cb0000 - 0x00007ffff5e50000 	C:\WINDOWS\System32\USER32.dll
0x00007ffff3ee0000 - 0x00007ffff3f02000 	C:\WINDOWS\System32\win32u.dll
0x00007ffff5c80000 - 0x00007ffff5caa000 	C:\WINDOWS\System32\GDI32.dll
0x00007ffff3d80000 - 0x00007ffff3e8b000 	C:\WINDOWS\System32\gdi32full.dll
0x00007ffff3f10000 - 0x00007ffff3fad000 	C:\WINDOWS\System32\msvcp_win.dll
0x00007ffff3ba0000 - 0x00007ffff3ca0000 	C:\WINDOWS\System32\ucrtbase.dll
0x00007fffdefa0000 - 0x00007fffdf23b000 	C:\WINDOWS\WinSxS\amd64_microsoft.windows.common-controls_6595b64144ccf1df_6.0.19041.746_none_ca02b4b61b8320a4\COMCTL32.dll
0x00007ffff3fb0000 - 0x00007ffff3fe0000 	C:\WINDOWS\System32\IMM32.DLL
0x00007fffc5870000 - 0x00007fffc595f000 	C:\Program Files\AdoptOpenJDK\jdk-8.0.265.01-hotspot\jre\bin\msvcr120.dll
0x00007fffbd980000 - 0x00007fffbda26000 	C:\Program Files\AdoptOpenJDK\jdk-8.0.265.01-hotspot\jre\bin\msvcp120.dll
0x000000006c980000 - 0x000000006d1e6000 	C:\Program Files\AdoptOpenJDK\jdk-8.0.265.01-hotspot\jre\bin\server\jvm.dll
0x00007ffff58f0000 - 0x00007ffff58f8000 	C:\WINDOWS\System32\PSAPI.DLL
0x00007fffb4800000 - 0x00007fffb4809000 	C:\WINDOWS\SYSTEM32\WSOCK32.dll
0x00007fffecd60000 - 0x00007fffecd6a000 	C:\WINDOWS\SYSTEM32\VERSION.dll
0x00007fffeb560000 - 0x00007fffeb587000 	C:\WINDOWS\SYSTEM32\WINMM.dll
0x00007ffff4080000 - 0x00007ffff40eb000 	C:\WINDOWS\System32\WS2_32.dll
0x00007fffe0660000 - 0x00007fffe066f000 	C:\Program Files\AdoptOpenJDK\jdk-8.0.265.01-hotspot\jre\bin\verify.dll
0x00007fffc5840000 - 0x00007fffc5868000 	C:\Program Files\AdoptOpenJDK\jdk-8.0.265.01-hotspot\jre\bin\java.dll
0x00007fffcf3c0000 - 0x00007fffcf3d6000 	C:\Program Files\AdoptOpenJDK\jdk-8.0.265.01-hotspot\jre\bin\zip.dll
0x00007ffff4c80000 - 0x00007ffff53c2000 	C:\WINDOWS\System32\SHELL32.dll
0x00007ffff1800000 - 0x00007ffff1f90000 	C:\WINDOWS\SYSTEM32\windows.storage.dll
0x00007ffff5920000 - 0x00007ffff5c76000 	C:\WINDOWS\System32\combase.dll
0x00007ffff30f0000 - 0x00007ffff311c000 	C:\WINDOWS\SYSTEM32\Wldp.dll
0x00007ffff47c0000 - 0x00007ffff486e000 	C:\WINDOWS\System32\SHCORE.dll
0x00007ffff4af0000 - 0x00007ffff4b45000 	C:\WINDOWS\System32\shlwapi.dll
0x00007ffff35c0000 - 0x00007ffff35e6000 	C:\WINDOWS\SYSTEM32\profapi.dll
0x00007fffc5820000 - 0x00007fffc583a000 	C:\Program Files\AdoptOpenJDK\jdk-8.0.265.01-hotspot\jre\bin\net.dll
0x00007ffff2e70000 - 0x00007ffff2eda000 	C:\WINDOWS\system32\mswsock.dll
0x00007ffff2b60000 - 0x00007ffff2c2b000 	C:\WINDOWS\SYSTEM32\DNSAPI.dll
0x00007ffff2b10000 - 0x00007ffff2b4b000 	C:\WINDOWS\SYSTEM32\IPHLPAPI.DLL
0x00007ffff4340000 - 0x00007ffff4348000 	C:\WINDOWS\System32\NSI.dll
0x00007fffeb5e0000 - 0x00007fffeb5ea000 	C:\Windows\System32\rasadhlp.dll
0x00007fffe8ad0000 - 0x00007fffe8b4f000 	C:\WINDOWS\System32\fwpuclnt.dll
0x00007ffff3ac0000 - 0x00007ffff3ae7000 	C:\WINDOWS\System32\bcrypt.dll

VM Arguments:
java_command: App 58842
java_class_path (initial): c:\Users\victo\.vscode\extensions\adamvoss.vscode-languagetool-3.8.0\lib\languagetool-languageserver\build\install\languagetool-languageserver\bin\..\lib\annotations-12.0.jar;c:\Users\victo\.vscode\extensions\adamvoss.vscode-languagetool-3.8.0\lib\languagetool-languageserver\build\install\languagetool-languageserver\bin\..\lib\autolink-0.6.0.jar;c:\Users\victo\.vscode\extensions\adamvoss.vscode-languagetool-3.8.0\lib\languagetool-languageserver\build\install\languagetool-languageserver\bin\..\lib\berkeleylm-1.1.2.jar;c:\Users\victo\.vscode\extensions\adamvoss.vscode-languagetool-3.8.0\lib\languagetool-languageserver\build\install\languagetool-languageserver\bin\..\lib\commons-lang3-3.5.jar;c:\Users\victo\.vscode\extensions\adamvoss.vscode-languagetool-3.8.0\lib\languagetool-languageserver\build\install\languagetool-languageserver\bin\..\lib\commons-logging-1.2.jar;c:\Users\victo\.vscode\extensions\adamvoss.vscode-languagetool-3.8.0\lib\languagetool-languageserver\build\install\languagetool-languageserver\bin\..\lib\flexmark-0.19.1.jar;c:\Users\victo\.vscode\extensions\adamvoss.vscode-languagetool-3.8.0\lib\languagetool-languageserver\build\install\languagetool-languageserver\bin\..\lib\flexmark-all-0.19.1.jar;c:\Users\victo\.vscode\extensions\adamvoss.vscode-languagetool-3.8.0\lib\languagetool-languageserver\build\install\languagetool-languageserver\bin\..\lib\flexmark-ext-abbreviation-0.19.1.jar;c:\Users\victo\.vscode\extensions\adamvoss.vscode-languagetool-3.8.0\lib\languagetool-languageserver\build\install\languagetool-languageserver\bin\..\lib\flexmark-ext-anchorlink-0.19.1.jar;c:\Users\victo\.vscode\extensions\adamvoss.vscode-languagetool-3.8.0\lib\languagetool-languageserver\build\install\languagetool-languageserver\bin\..\lib\flexmark-ext-aside-0.19.1.jar;c:\Users\victo\.vscode\extensions\adamvoss.vscode-languagetool-3.8.0\lib\languagetool-languageserver\build\install\languagetool-languageserver\bin\..\lib\flexmark-ext-autolink-0.
Launcher Type: SUN_STANDARD

Environment Variables:
CLASSPATH=c:\Users\victo\.vscode\extensions\adamvoss.vscode-languagetool-3.8.0\lib\languagetool-languageserver\build\install\languagetool-languageserver\bin\..\lib\*;c:\Users\victo\.vscode\extensions\adamvoss.vscode-languagetool-en-3.8.0\lib\*
PATH=C:\Perl64\bin;C:\Users\victo\AppData\Roaming\ActiveState\bin;C:\Program Files\AdoptOpenJDK\jdk-8.0.265.01-hotspot\bin;C:\Program Files (x86)\Common Files\Oracle\Java\javapath;C:\Program Files\AdoptOpenJDK\jre-14.0.2.12-hotspot\bin;C:\WINDOWS\system32;C:\WINDOWS;C:\WINDOWS\System32\Wbem;C:\WINDOWS\System32\WindowsPowerShell\v1.0\;C:\WINDOWS\System32\OpenSSH\;C:\Program Files\Microsoft SQL Server\130\Tools\Binn\;C:\Program Files\Microsoft SQL Server\Client SDK\ODBC\170\Tools\Binn\;C:\Program Files\dotnet\;C:\ProgramData\chocolatey\bin;C:\Program Files\MATLAB\R2020b\runtime\win64;C:\Program Files\MATLAB\R2020b\bin;C:\Program Files (x86)\Calibre2\;C:\Program Files\Wolfram Research\WolframScript\;C:\Program Files\Git\cmd;C:\Program Files\AdoptOpenJDK\jdk-8.0.265.01-hotspot\bin;C:\Program Files (x86)\Common Files\Oracle\Java\javapath;C:\Users\victo\AppData\Local\Programs\Julia 1.5.3\bin;C:\Program Files\AdoptOpenJDK\jre-14.0.2.12-hotspot\bin;C:\WINDOWS\system32;C:\WINDOWS;C:\WINDOWS\System32\Wbem;C:\WINDOWS\System32\WindowsPowerShell\v1.0\;C:\WINDOWS\System32\OpenSSH\;C:\Program Files\Microsoft SQL Server\130\Tools\Binn\;C:\Program Files\Microsoft SQL Server\Client SDK\ODBC\170\Tools\Binn\;C:\Program Files\dotnet\;C:\ProgramData\chocolatey\bin;C:\Program Files\MATLAB\R2020b\runtime\win64;C:\Program Files\MATLAB\R2020b\bin;C:\Program Files (x86)\Calibre2\;C:\Program Files\Git\cmd;C:\Users\victo\AppData\Local\Microsoft\WindowsApps;C:\Users\victo\AppData\Local\Programs\Microsoft VS Code\bin;C:\Users\victo\AppData\Local\Programs\MiKTeX 2.9\miktex\bin\x64\;C:\Users\victo\AppData\Local\hyper\app-3.0.2\resources\bin;
USERNAME=victo
OS=Windows_NT
PROCESSOR_IDENTIFIER=AMD64 Family 23 Model 8 Stepping 2, AuthenticAMD



---------------  S Y S T E M  ---------------

OS: Windows 10.0 , 64 bit Build 19041 (10.0.19041.804)

CPU:total 16 (initial active 16) (16 cores per cpu, 1 threads per core) family 23 model 8 stepping 2, cmov, cx8, fxsr, mmx, sse, sse2, sse3, ssse3, sse4.1, sse4.2, popcnt, avx, avx2, aes, clmul, mmxext, 3dnowpref, lzcnt, sse4a, tsc, tscinvbit, tscinv, bmi1

Memory: 4k page, physical 33481164k(15414620k free), swap 35578316k(3376k free)

vm_info: OpenJDK 64-Bit Server VM (25.265-b01) for windows-amd64 JRE (1.8.0_265-b01), built on Jul 28 2020 15:11:27 by "jenkins" with MS VC++ 12.0 (VS2013)

time: Tue Mar 02 14:58:01 2021
timezone: Pacific Standard Time
elapsed time: 0 seconds (0d 0h 0m 0s)

